<?xml version="1.0" encoding="UTF-8"?>
<testsuite name="student_tests.StudentTester-20240630123617" tests="5" file="student_tests.py" time="0.007" timestamp="2024-06-30T12:36:19" failures="0" errors="0" skipped="0">
	<testcase classname="student_tests.StudentTester" name="test_aNum" time="0.001" timestamp="2024-06-30T12:36:19"/>
	<testcase classname="student_tests.StudentTester" name="test_courses" time="0.001" timestamp="2024-06-30T12:36:19"/>
	<testcase classname="student_tests.StudentTester" name="test_has_course" time="0.002" timestamp="2024-06-30T12:36:19"/>
	<testcase classname="student_tests.StudentTester" name="test_name" time="0.002" timestamp="2024-06-30T12:36:19"/>
	<testcase classname="student_tests.StudentTester" name="test_visits" time="0.000" timestamp="2024-06-30T12:36:19"/>
</testsuite>
