<?xml version="1.0" encoding="UTF-8"?>
<testsuite name="date_tests.DateTester-20240630001414" tests="9" file="date_tests.py" time="0.460" timestamp="2024-06-30T00:14:15" failures="0" errors="0" skipped="0">
	<testcase classname="date_tests.DateTester" name="test_compare" time="0.001" timestamp="2024-06-30T00:14:15"/>
	<testcase classname="date_tests.DateTester" name="test_get_index" time="0.042" timestamp="2024-06-30T00:14:15"/>
	<testcase classname="date_tests.DateTester" name="test_get_int_date" time="0.000" timestamp="2024-06-30T00:14:15"/>
	<testcase classname="date_tests.DateTester" name="test_get_max_row" time="0.014" timestamp="2024-06-30T00:14:15"/>
	<testcase classname="date_tests.DateTester" name="test_get_visits" time="0.118" timestamp="2024-06-30T00:14:15"/>
	<testcase classname="date_tests.DateTester" name="test_load_data" time="0.092" timestamp="2024-06-30T00:14:15"/>
	<testcase classname="date_tests.DateTester" name="test_month" time="0.001" timestamp="2024-06-30T00:14:15"/>
	<testcase classname="date_tests.DateTester" name="test_save_data" time="0.140" timestamp="2024-06-30T00:14:15"/>
	<testcase classname="date_tests.DateTester" name="test_save_student_checkout" time="0.052" timestamp="2024-06-30T00:14:15"/>
</testsuite>
